Running: /opt/Xilinx/14.7/ISE_DS/ISE/bin/lin64/unwrapped/fuse -intstyle ise -incremental -lib secureip -o /home/ise/MUX_2_Bits/xilinx_mux_tb_isim_beh.exe -prj /home/ise/MUX_2_Bits/xilinx_mux_tb_beh.prj work.xilinx_mux_tb 
ISim P.20131013 (signature 0xfbc00daa)
Number of CPUs detected in this system: 1
Turning on mult-threading, number of parallel sub-compilation jobs: 0 
Determining compilation order of HDL files
Parsing VHDL file "/home/ise/MUX_2_Bits/mux_main.vhd" into library work
Parsing VHDL file "/home/ise/MUX_2_Bits/mux_test.vhd" into library work
Starting static elaboration
Completed static elaboration
Fuse Memory Usage: 96664 KB
Fuse CPU Usage: 510 ms
Compiling package standard
Compiling package std_logic_1164
Compiling package std_logic_arith
Compiling package std_logic_unsigned
Compiling architecture behavioral of entity xilinx_mux [xilinx_mux_default]
Compiling architecture behavioral of entity xilinx_mux_tb
Time Resolution for simulation is 1ps.
Compiled 7 VHDL Units
Built simulation executable /home/ise/MUX_2_Bits/xilinx_mux_tb_isim_beh.exe
Fuse Memory Usage: 111884 KB
Fuse CPU Usage: 560 ms
GCC CPU Usage: 1380 ms
