Command line:
   xilinx_mux_tb_isim_beh.exe
     -simmode  gui
     -simrunnum  0
     -socket  54541

Sat Sep 20 14:52:04 2025


 Elaboration Time: 0.03 sec

 Current Memory Usage: 215.372 Meg

 Total Signals          : 14
 Total Nets             : 13
 Total Signal Drivers   : 7
 Total Blocks           : 5
 Total Primitive Blocks : 4
 Total Processes        : 2
 Total Traceable Variables  : 10
 Total Scalar Nets and Variables : 391
Total Line Count : 30

 Total Simulation Time: 0.05 sec

 Current Memory Usage: 292.97 Meg

Sat Sep 20 14:52:51 2025

